2023-01-25 19:42:33,178  INFO [main] SetupPage:42 - reading browser name from properties file
2023-01-25 19:42:33,178  INFO [main] SetupPage:44 - reading mode from properties file
2023-01-25 19:42:33,194  INFO [main] SetupPage:51 - run tests in non-headless mode
2023-01-25 19:42:33,194  INFO [main] SetupPage:55 - opening  chrome browser
2023-01-25 19:42:39,822  INFO [main] SetupPage:113 - maximizing the window
2023-01-25 19:42:39,957  INFO [main] SetupPage:117 - deleting the cookies
2023-01-25 19:42:39,966  INFO [main] SetupPage:121 - open the base url
2023-01-25 19:42:53,018  INFO [main] AddToBasket:14 - Adding item to Basket
2023-01-25 19:42:53,705  INFO [main] AddToBasket:16 - Item added to Basket
2023-01-25 19:42:55,717  INFO [main] SetupPage:141 - ----------- closing the browser ---------------
2023-01-25 19:51:07,537  INFO [main] SetupPage:42 - reading browser name from properties file
2023-01-25 19:51:07,537  INFO [main] SetupPage:44 - reading mode from properties file
2023-01-25 19:51:07,537  INFO [main] SetupPage:51 - run tests in non-headless mode
2023-01-25 19:51:07,537  INFO [main] SetupPage:55 - opening  chrome browser
2023-01-25 19:51:13,582  INFO [main] SetupPage:113 - maximizing the window
2023-01-25 19:51:13,878  INFO [main] SetupPage:117 - deleting the cookies
2023-01-25 19:51:13,885  INFO [main] SetupPage:121 - open the base url
2023-01-25 19:51:18,167  INFO [main] AddToBasket:14 - Adding item to Basket
2023-01-25 19:51:18,996  INFO [main] AddToBasket:16 - Item added to Basket
2023-01-25 19:51:21,010  INFO [main] SetupPage:141 - ----------- closing the browser ---------------
2023-01-25 19:51:21,257  INFO [main] SetupPage:42 - reading browser name from properties file
2023-01-25 19:51:21,257  INFO [main] SetupPage:44 - reading mode from properties file
2023-01-25 19:51:21,257  INFO [main] SetupPage:51 - run tests in non-headless mode
2023-01-25 19:51:21,257  INFO [main] SetupPage:55 - opening  chrome browser
2023-01-25 19:51:27,225  INFO [main] SetupPage:113 - maximizing the window
2023-01-25 19:51:27,392  INFO [main] SetupPage:117 - deleting the cookies
2023-01-25 19:51:27,418  INFO [main] SetupPage:121 - open the base url
2023-01-25 19:51:33,124  INFO [main] filterByPrice:14 - Filtering the items by price
2023-01-25 19:51:36,715  INFO [main] filterByPrice:16 - Items filtered by price
2023-01-25 19:51:38,716  INFO [main] SetupPage:141 - ----------- closing the browser ---------------
2023-01-25 19:51:38,977  INFO [main] SetupPage:42 - reading browser name from properties file
2023-01-25 19:51:38,977  INFO [main] SetupPage:44 - reading mode from properties file
2023-01-25 19:51:38,977  INFO [main] SetupPage:51 - run tests in non-headless mode
2023-01-25 19:51:38,977  INFO [main] SetupPage:55 - opening  chrome browser
2023-01-25 19:51:45,062  INFO [main] SetupPage:113 - maximizing the window
2023-01-25 19:51:45,277  INFO [main] SetupPage:117 - deleting the cookies
2023-01-25 19:51:45,287  INFO [main] SetupPage:121 - open the base url
2023-01-25 19:51:49,129  INFO [main] InvalidLogin:14 - Login using invalid credentials
2023-01-25 19:51:50,289  INFO [main] InvalidLogin:16 - user is not logged in
2023-01-25 19:51:52,303  INFO [main] SetupPage:141 - ----------- closing the browser ---------------
2023-01-25 19:51:52,533  INFO [main] SetupPage:42 - reading browser name from properties file
2023-01-25 19:51:52,533  INFO [main] SetupPage:44 - reading mode from properties file
2023-01-25 19:51:52,533  INFO [main] SetupPage:51 - run tests in non-headless mode
2023-01-25 19:51:52,534  INFO [main] SetupPage:55 - opening  chrome browser
2023-01-25 19:51:58,503  INFO [main] SetupPage:113 - maximizing the window
2023-01-25 19:51:58,910  INFO [main] SetupPage:117 - deleting the cookies
2023-01-25 19:51:59,154  INFO [main] SetupPage:121 - open the base url
2023-01-25 19:52:03,981  INFO [main] Login:15 - Login using valid credentials
2023-01-25 19:52:03,983  INFO [main] Login:17 - entering username and password
2023-01-25 19:52:05,386  INFO [main] Login:19 - user is now logged in
2023-01-25 19:52:07,398  INFO [main] SetupPage:141 - ----------- closing the browser ---------------
2023-01-25 19:52:07,628  INFO [main] SetupPage:42 - reading browser name from properties file
2023-01-25 19:52:07,628  INFO [main] SetupPage:44 - reading mode from properties file
2023-01-25 19:52:07,628  INFO [main] SetupPage:51 - run tests in non-headless mode
2023-01-25 19:52:07,628  INFO [main] SetupPage:55 - opening  chrome browser
2023-01-25 19:52:13,493  INFO [main] SetupPage:113 - maximizing the window
2023-01-25 19:52:13,685  INFO [main] SetupPage:117 - deleting the cookies
2023-01-25 19:52:13,694  INFO [main] SetupPage:121 - open the base url
2023-01-25 19:52:18,893  INFO [main] ProductCategory:17 - Selecting the Product Category.........
2023-01-25 19:52:18,904  INFO [main] ProductCategory:20 - Android is selected as the Product Category
2023-01-25 19:52:20,915  INFO [main] SetupPage:141 - ----------- closing the browser ---------------
2023-01-25 19:52:21,136  INFO [main] SetupPage:42 - reading browser name from properties file
2023-01-25 19:52:21,136  INFO [main] SetupPage:44 - reading mode from properties file
2023-01-25 19:52:21,136  INFO [main] SetupPage:51 - run tests in non-headless mode
2023-01-25 19:52:21,139  INFO [main] SetupPage:55 - opening  chrome browser
2023-01-25 19:52:27,389  INFO [main] SetupPage:113 - maximizing the window
2023-01-25 19:52:27,723  INFO [main] SetupPage:117 - deleting the cookies
2023-01-25 19:52:27,810  INFO [main] SetupPage:121 - open the base url
2023-01-25 19:52:31,824  INFO [main] Regsiter:15 - go to the my account page
2023-01-25 19:52:32,474  INFO [main] Regsiter:17 - entering email and password and click on the register button
2023-01-25 19:52:36,586  INFO [main] Regsiter:19 - user registered
2023-01-25 19:52:38,588  INFO [main] SetupPage:141 - ----------- closing the browser ---------------
2023-01-25 19:52:38,828  INFO [main] SetupPage:42 - reading browser name from properties file
2023-01-25 19:52:38,828  INFO [main] SetupPage:44 - reading mode from properties file
2023-01-25 19:52:38,830  INFO [main] SetupPage:51 - run tests in non-headless mode
2023-01-25 19:52:38,830  INFO [main] SetupPage:55 - opening  chrome browser
2023-01-25 19:52:44,959  INFO [main] SetupPage:113 - maximizing the window
2023-01-25 19:52:45,139  INFO [main] SetupPage:117 - deleting the cookies
2023-01-25 19:52:45,166  INFO [main] SetupPage:121 - open the base url
2023-01-25 19:52:48,635  INFO [main] SignOut:15 - Login using valid credentials
2023-01-25 19:52:48,637  INFO [main] SignOut:17 - entering username and password
2023-01-25 19:52:50,918  INFO [main] SignOut:19 - user is logged in
2023-01-25 19:52:50,923  INFO [main] SignOut:25 - sign out button clicked
2023-01-25 19:52:53,630  INFO [main] SignOut:27 - user is signed out
2023-01-25 19:52:55,632  INFO [main] SetupPage:141 - ----------- closing the browser ---------------
2023-01-25 19:52:55,893  INFO [main] SetupPage:42 - reading browser name from properties file
2023-01-25 19:52:55,893  INFO [main] SetupPage:44 - reading mode from properties file
2023-01-25 19:52:55,893  INFO [main] SetupPage:51 - run tests in non-headless mode
2023-01-25 19:52:55,894  INFO [main] SetupPage:55 - opening  chrome browser
2023-01-25 19:53:01,980  INFO [main] SetupPage:113 - maximizing the window
2023-01-25 19:53:02,206  INFO [main] SetupPage:117 - deleting the cookies
2023-01-25 19:53:02,230  INFO [main] SetupPage:121 - open the base url
2023-01-25 19:53:05,842  INFO [main] SortByPopularity:16 - Sort items by popularity
2023-01-25 19:53:11,200  INFO [main] SortByPopularity:18 - Items are sorted by popularity
2023-01-25 19:53:13,200  INFO [main] SetupPage:141 - ----------- closing the browser ---------------
2023-01-25 19:53:13,452 DEBUG [main] cache:45 - Couldn't find template in cache for "index.ftl"("en", UTF-8, parsed); will try to load it.
2023-01-25 19:53:13,452 DEBUG [main] cache:45 - TemplateLoader.findTemplateSource("index_en.ftl"): Not found
2023-01-25 19:53:13,452 DEBUG [main] cache:45 - TemplateLoader.findTemplateSource("index.ftl"): Found
2023-01-25 19:53:13,452 DEBUG [main] cache:45 - Loading template for "index.ftl"("en", UTF-8, parsed) from "jar:file:/C:/Users/piyushpandey/.m2/repository/com/aventstack/extentreports/3.1.2/extentreports-3.1.2.jar!/com/aventstack/extentreports/view/html-report/index.ftl"
2023-01-25 19:53:13,623 DEBUG [main] cache:45 - Couldn't find template in cache for "head.ftl"("en", UTF-8, parsed); will try to load it.
2023-01-25 19:53:13,623 DEBUG [main] cache:45 - TemplateLoader.findTemplateSource("head_en.ftl"): Not found
2023-01-25 19:53:13,623 DEBUG [main] cache:45 - TemplateLoader.findTemplateSource("head.ftl"): Found
2023-01-25 19:53:13,623 DEBUG [main] cache:45 - Loading template for "head.ftl"("en", UTF-8, parsed) from "jar:file:/C:/Users/piyushpandey/.m2/repository/com/aventstack/extentreports/3.1.2/extentreports-3.1.2.jar!/com/aventstack/extentreports/view/html-report/head.ftl"
2023-01-25 19:53:13,639 DEBUG [main] cache:45 - Couldn't find template in cache for "nav.ftl"("en", UTF-8, parsed); will try to load it.
2023-01-25 19:53:13,639 DEBUG [main] cache:45 - TemplateLoader.findTemplateSource("nav_en.ftl"): Not found
2023-01-25 19:53:13,639 DEBUG [main] cache:45 - TemplateLoader.findTemplateSource("nav.ftl"): Found
2023-01-25 19:53:13,639 DEBUG [main] cache:45 - Loading template for "nav.ftl"("en", UTF-8, parsed) from "jar:file:/C:/Users/piyushpandey/.m2/repository/com/aventstack/extentreports/3.1.2/extentreports-3.1.2.jar!/com/aventstack/extentreports/view/html-report/nav.ftl"
2023-01-25 19:53:13,643 DEBUG [main] cache:45 - Couldn't find template in cache for "test-view/test-view.ftl"("en", UTF-8, parsed); will try to load it.
2023-01-25 19:53:13,643 DEBUG [main] cache:45 - TemplateLoader.findTemplateSource("test-view/test-view_en.ftl"): Not found
2023-01-25 19:53:13,643 DEBUG [main] cache:45 - TemplateLoader.findTemplateSource("test-view/test-view.ftl"): Found
2023-01-25 19:53:13,643 DEBUG [main] cache:45 - Loading template for "test-view/test-view.ftl"("en", UTF-8, parsed) from "jar:file:/C:/Users/piyushpandey/.m2/repository/com/aventstack/extentreports/3.1.2/extentreports-3.1.2.jar!/com/aventstack/extentreports/view/html-report/test-view/test-view.ftl"
2023-01-25 19:53:13,659 DEBUG [main] cache:45 - Couldn't find template in cache for "test-view/test-view-charts.ftl"("en", UTF-8, parsed); will try to load it.
2023-01-25 19:53:13,659 DEBUG [main] cache:45 - TemplateLoader.findTemplateSource("test-view/test-view-charts_en.ftl"): Not found
2023-01-25 19:53:13,659 DEBUG [main] cache:45 - TemplateLoader.findTemplateSource("test-view/test-view-charts.ftl"): Found
2023-01-25 19:53:13,659 DEBUG [main] cache:45 - Loading template for "test-view/test-view-charts.ftl"("en", UTF-8, parsed) from "jar:file:/C:/Users/piyushpandey/.m2/repository/com/aventstack/extentreports/3.1.2/extentreports-3.1.2.jar!/com/aventstack/extentreports/view/html-report/test-view/test-view-charts.ftl"
2023-01-25 19:53:13,659 DEBUG [main] cache:45 - Couldn't find template in cache for "test-view/standard.ftl"("en", UTF-8, parsed); will try to load it.
2023-01-25 19:53:13,659 DEBUG [main] cache:45 - TemplateLoader.findTemplateSource("test-view/standard_en.ftl"): Not found
2023-01-25 19:53:13,659 DEBUG [main] cache:45 - TemplateLoader.findTemplateSource("test-view/standard.ftl"): Found
2023-01-25 19:53:13,659 DEBUG [main] cache:45 - Loading template for "test-view/standard.ftl"("en", UTF-8, parsed) from "jar:file:/C:/Users/piyushpandey/.m2/repository/com/aventstack/extentreports/3.1.2/extentreports-3.1.2.jar!/com/aventstack/extentreports/view/html-report/test-view/standard.ftl"
2023-01-25 19:53:13,674 DEBUG [main] cache:45 - "test-view/standard.ftl"("en", UTF-8, parsed) cached copy not yet stale; using cached.
2023-01-25 19:53:13,674 DEBUG [main] cache:45 - "test-view/standard.ftl"("en", UTF-8, parsed) cached copy not yet stale; using cached.
2023-01-25 19:53:13,674 DEBUG [main] cache:45 - "test-view/standard.ftl"("en", UTF-8, parsed) cached copy not yet stale; using cached.
2023-01-25 19:53:13,691 DEBUG [main] cache:45 - "test-view/standard.ftl"("en", UTF-8, parsed) cached copy not yet stale; using cached.
2023-01-25 19:53:13,692 DEBUG [main] cache:45 - "test-view/standard.ftl"("en", UTF-8, parsed) cached copy not yet stale; using cached.
2023-01-25 19:53:13,692 DEBUG [main] cache:45 - "test-view/standard.ftl"("en", UTF-8, parsed) cached copy not yet stale; using cached.
2023-01-25 19:53:13,692 DEBUG [main] cache:45 - "test-view/standard.ftl"("en", UTF-8, parsed) cached copy not yet stale; using cached.
2023-01-25 19:53:13,692 DEBUG [main] cache:45 - "test-view/standard.ftl"("en", UTF-8, parsed) cached copy not yet stale; using cached.
2023-01-25 19:53:13,692 DEBUG [main] cache:45 - Couldn't find template in cache for "category-view/category-view.ftl"("en", UTF-8, parsed); will try to load it.
2023-01-25 19:53:13,692 DEBUG [main] cache:45 - TemplateLoader.findTemplateSource("category-view/category-view_en.ftl"): Not found
2023-01-25 19:53:13,692 DEBUG [main] cache:45 - TemplateLoader.findTemplateSource("category-view/category-view.ftl"): Found
2023-01-25 19:53:13,692 DEBUG [main] cache:45 - Loading template for "category-view/category-view.ftl"("en", UTF-8, parsed) from "jar:file:/C:/Users/piyushpandey/.m2/repository/com/aventstack/extentreports/3.1.2/extentreports-3.1.2.jar!/com/aventstack/extentreports/view/html-report/category-view/category-view.ftl"
2023-01-25 19:53:13,692 DEBUG [main] cache:45 - Couldn't find template in cache for "author-view/author-view.ftl"("en", UTF-8, parsed); will try to load it.
2023-01-25 19:53:13,692 DEBUG [main] cache:45 - TemplateLoader.findTemplateSource("author-view/author-view_en.ftl"): Not found
2023-01-25 19:53:13,692 DEBUG [main] cache:45 - TemplateLoader.findTemplateSource("author-view/author-view.ftl"): Found
2023-01-25 19:53:13,692 DEBUG [main] cache:45 - Loading template for "author-view/author-view.ftl"("en", UTF-8, parsed) from "jar:file:/C:/Users/piyushpandey/.m2/repository/com/aventstack/extentreports/3.1.2/extentreports-3.1.2.jar!/com/aventstack/extentreports/view/html-report/author-view/author-view.ftl"
2023-01-25 19:53:13,708 DEBUG [main] cache:45 - Couldn't find template in cache for "exception-view/exception-view.ftl"("en", UTF-8, parsed); will try to load it.
2023-01-25 19:53:13,708 DEBUG [main] cache:45 - TemplateLoader.findTemplateSource("exception-view/exception-view_en.ftl"): Not found
2023-01-25 19:53:13,708 DEBUG [main] cache:45 - TemplateLoader.findTemplateSource("exception-view/exception-view.ftl"): Found
2023-01-25 19:53:13,708 DEBUG [main] cache:45 - Loading template for "exception-view/exception-view.ftl"("en", UTF-8, parsed) from "jar:file:/C:/Users/piyushpandey/.m2/repository/com/aventstack/extentreports/3.1.2/extentreports-3.1.2.jar!/com/aventstack/extentreports/view/html-report/exception-view/exception-view.ftl"
2023-01-25 19:53:13,708 DEBUG [main] cache:45 - Couldn't find template in cache for "dashboard-view/dashboard-view.ftl"("en", UTF-8, parsed); will try to load it.
2023-01-25 19:53:13,708 DEBUG [main] cache:45 - TemplateLoader.findTemplateSource("dashboard-view/dashboard-view_en.ftl"): Not found
2023-01-25 19:53:13,708 DEBUG [main] cache:45 - TemplateLoader.findTemplateSource("dashboard-view/dashboard-view.ftl"): Found
2023-01-25 19:53:13,708 DEBUG [main] cache:45 - Loading template for "dashboard-view/dashboard-view.ftl"("en", UTF-8, parsed) from "jar:file:/C:/Users/piyushpandey/.m2/repository/com/aventstack/extentreports/3.1.2/extentreports-3.1.2.jar!/com/aventstack/extentreports/view/html-report/dashboard-view/dashboard-view.ftl"
2023-01-25 19:53:13,724 DEBUG [main] cache:45 - Couldn't find template in cache for "logs-view/testrunner-logs-view.ftl"("en", UTF-8, parsed); will try to load it.
2023-01-25 19:53:13,724 DEBUG [main] cache:45 - TemplateLoader.findTemplateSource("logs-view/testrunner-logs-view_en.ftl"): Not found
2023-01-25 19:53:13,724 DEBUG [main] cache:45 - TemplateLoader.findTemplateSource("logs-view/testrunner-logs-view.ftl"): Found
2023-01-25 19:53:13,724 DEBUG [main] cache:45 - Loading template for "logs-view/testrunner-logs-view.ftl"("en", UTF-8, parsed) from "jar:file:/C:/Users/piyushpandey/.m2/repository/com/aventstack/extentreports/3.1.2/extentreports-3.1.2.jar!/com/aventstack/extentreports/view/html-report/logs-view/testrunner-logs-view.ftl"
2023-01-25 20:00:49,939  INFO [main] SetupPage:42 - reading browser name from properties file
2023-01-25 20:00:49,943  INFO [main] SetupPage:44 - reading mode from properties file
2023-01-25 20:00:49,943  INFO [main] SetupPage:51 - run tests in non-headless mode
2023-01-25 20:00:49,944  INFO [main] SetupPage:62 - opening firefox browser
2023-07-21 12:42:19,551  INFO [main] SetupPage:42 - reading browser name from properties file
2023-07-21 12:42:19,570  INFO [main] SetupPage:44 - reading mode from properties file
2023-07-21 12:42:19,570  INFO [main] SetupPage:51 - run tests in non-headless mode
2023-07-21 12:42:19,570  INFO [main] SetupPage:55 - opening  chrome browser
2023-07-21 12:42:29,083  INFO [main] SetupPage:113 - maximizing the window
2023-07-21 12:42:29,477  INFO [main] SetupPage:117 - deleting the cookies
2023-07-21 12:42:29,660  INFO [main] SetupPage:121 - open the base url
2023-07-21 12:42:54,906  INFO [main] SetupPage:42 - reading browser name from properties file
2023-07-21 12:42:54,918  INFO [main] SetupPage:44 - reading mode from properties file
2023-07-21 12:42:54,918  INFO [main] SetupPage:51 - run tests in non-headless mode
2023-07-21 12:42:54,918  INFO [main] SetupPage:55 - opening  chrome browser
2023-07-21 12:43:04,833  INFO [main] SetupPage:113 - maximizing the window
2023-07-21 12:43:05,014  INFO [main] SetupPage:117 - deleting the cookies
2023-07-21 12:43:05,055  INFO [main] SetupPage:121 - open the base url
2023-07-21 12:43:15,772  INFO [main] SetupPage:42 - reading browser name from properties file
2023-07-21 12:43:15,772  INFO [main] SetupPage:44 - reading mode from properties file
2023-07-21 12:43:15,772  INFO [main] SetupPage:51 - run tests in non-headless mode
2023-07-21 12:43:15,772  INFO [main] SetupPage:55 - opening  chrome browser
2023-07-21 12:43:26,338  INFO [main] SetupPage:113 - maximizing the window
2023-07-21 12:43:26,671  INFO [main] SetupPage:117 - deleting the cookies
2023-07-21 12:43:26,706  INFO [main] SetupPage:121 - open the base url
2023-07-21 12:43:37,526  INFO [main] InvalidLogin:14 - Login using invalid credentials
2023-07-21 12:43:39,810  INFO [main] InvalidLogin:16 - user is not logged in
2023-07-21 12:43:41,827  INFO [main] SetupPage:141 - ----------- closing the browser ---------------
2023-07-21 12:43:42,920  INFO [main] SetupPage:42 - reading browser name from properties file
2023-07-21 12:43:42,920  INFO [main] SetupPage:44 - reading mode from properties file
2023-07-21 12:43:42,920  INFO [main] SetupPage:51 - run tests in non-headless mode
2023-07-21 12:43:42,920  INFO [main] SetupPage:55 - opening  chrome browser
2023-07-21 12:43:51,541  INFO [main] SetupPage:113 - maximizing the window
2023-07-21 12:43:51,666  INFO [main] SetupPage:117 - deleting the cookies
2023-07-21 12:43:51,809  INFO [main] SetupPage:121 - open the base url
2023-07-21 12:44:01,842  INFO [main] Login:15 - Login using valid credentials
2023-07-21 12:44:01,842  INFO [main] Login:17 - entering username and password
2023-07-21 12:44:04,473  INFO [main] Login:19 - user is now logged in
2023-07-21 12:44:06,525  INFO [main] SetupPage:141 - ----------- closing the browser ---------------
2023-07-21 12:44:07,449  INFO [main] SetupPage:42 - reading browser name from properties file
2023-07-21 12:44:07,449  INFO [main] SetupPage:44 - reading mode from properties file
2023-07-21 12:44:07,449  INFO [main] SetupPage:51 - run tests in non-headless mode
2023-07-21 12:44:07,449  INFO [main] SetupPage:55 - opening  chrome browser
2023-07-21 12:44:16,060  INFO [main] SetupPage:113 - maximizing the window
2023-07-21 12:44:16,214  INFO [main] SetupPage:117 - deleting the cookies
2023-07-21 12:44:16,229  INFO [main] SetupPage:121 - open the base url
2023-07-21 12:44:26,177  INFO [main] ProductCategory:17 - Selecting the Product Category.........
2023-07-21 12:44:26,198  INFO [main] ProductCategory:20 - Android is selected as the Product Category
2023-07-21 12:44:28,210  INFO [main] SetupPage:141 - ----------- closing the browser ---------------
2023-07-21 12:44:29,177  INFO [main] SetupPage:42 - reading browser name from properties file
2023-07-21 12:44:29,177  INFO [main] SetupPage:44 - reading mode from properties file
2023-07-21 12:44:29,177  INFO [main] SetupPage:51 - run tests in non-headless mode
2023-07-21 12:44:29,177  INFO [main] SetupPage:55 - opening  chrome browser
2023-07-21 12:44:37,346  INFO [main] SetupPage:113 - maximizing the window
2023-07-21 12:44:37,714  INFO [main] SetupPage:117 - deleting the cookies
2023-07-21 12:44:37,755  INFO [main] SetupPage:121 - open the base url
2023-07-21 12:44:57,835  INFO [main] Regsiter:15 - go to the my account page
2023-07-21 12:44:58,796  INFO [main] Regsiter:17 - entering email and password and click on the register button
2023-07-21 12:45:02,963  INFO [main] Regsiter:19 - user registered
2023-07-21 12:45:04,969  INFO [main] SetupPage:141 - ----------- closing the browser ---------------
2023-07-21 12:45:05,988  INFO [main] SetupPage:42 - reading browser name from properties file
2023-07-21 12:45:05,988  INFO [main] SetupPage:44 - reading mode from properties file
2023-07-21 12:45:05,988  INFO [main] SetupPage:51 - run tests in non-headless mode
2023-07-21 12:45:05,988  INFO [main] SetupPage:55 - opening  chrome browser
2023-07-21 12:45:14,239  INFO [main] SetupPage:113 - maximizing the window
2023-07-21 12:45:14,542  INFO [main] SetupPage:117 - deleting the cookies
2023-07-21 12:45:14,987  INFO [main] SetupPage:121 - open the base url
2023-07-21 12:45:23,460  INFO [main] SignOut:15 - Login using valid credentials
2023-07-21 12:45:23,461  INFO [main] SignOut:17 - entering username and password
2023-07-21 12:45:25,459  INFO [main] SignOut:19 - user is logged in
2023-07-21 12:45:25,470  INFO [main] SignOut:25 - sign out button clicked
2023-07-21 12:45:28,599  INFO [main] SignOut:27 - user is signed out
2023-07-21 12:45:30,608  INFO [main] SetupPage:141 - ----------- closing the browser ---------------
2023-07-21 12:45:31,631  INFO [main] SetupPage:42 - reading browser name from properties file
2023-07-21 12:45:31,631  INFO [main] SetupPage:44 - reading mode from properties file
2023-07-21 12:45:31,631  INFO [main] SetupPage:51 - run tests in non-headless mode
2023-07-21 12:45:31,631  INFO [main] SetupPage:55 - opening  chrome browser
2023-07-21 12:45:39,784  INFO [main] SetupPage:113 - maximizing the window
2023-07-21 12:45:40,007  INFO [main] SetupPage:117 - deleting the cookies
2023-07-21 12:45:40,145  INFO [main] SetupPage:121 - open the base url
2023-07-21 12:45:52,727  INFO [main] SortByPopularity:16 - Sort items by popularity
2023-07-21 12:45:56,762  INFO [main] SortByPopularity:18 - Items are sorted by popularity
2023-07-21 12:45:58,770  INFO [main] SetupPage:141 - ----------- closing the browser ---------------
2023-07-21 12:45:59,805 DEBUG [main] cache:45 - Couldn't find template in cache for "index.ftl"("en", UTF-8, parsed); will try to load it.
2023-07-21 12:45:59,811 DEBUG [main] cache:45 - TemplateLoader.findTemplateSource("index_en.ftl"): Not found
2023-07-21 12:45:59,811 DEBUG [main] cache:45 - TemplateLoader.findTemplateSource("index.ftl"): Found
2023-07-21 12:45:59,811 DEBUG [main] cache:45 - Loading template for "index.ftl"("en", UTF-8, parsed) from "jar:file:/C:/Users/piyushpandey/.m2/repository/com/aventstack/extentreports/3.1.2/extentreports-3.1.2.jar!/com/aventstack/extentreports/view/html-report/index.ftl"
2023-07-21 12:46:00,268 DEBUG [main] cache:45 - Couldn't find template in cache for "head.ftl"("en", UTF-8, parsed); will try to load it.
2023-07-21 12:46:00,268 DEBUG [main] cache:45 - TemplateLoader.findTemplateSource("head_en.ftl"): Not found
2023-07-21 12:46:00,284 DEBUG [main] cache:45 - TemplateLoader.findTemplateSource("head.ftl"): Found
2023-07-21 12:46:00,284 DEBUG [main] cache:45 - Loading template for "head.ftl"("en", UTF-8, parsed) from "jar:file:/C:/Users/piyushpandey/.m2/repository/com/aventstack/extentreports/3.1.2/extentreports-3.1.2.jar!/com/aventstack/extentreports/view/html-report/head.ftl"
2023-07-21 12:46:00,284 DEBUG [main] cache:45 - Couldn't find template in cache for "nav.ftl"("en", UTF-8, parsed); will try to load it.
2023-07-21 12:46:00,284 DEBUG [main] cache:45 - TemplateLoader.findTemplateSource("nav_en.ftl"): Not found
2023-07-21 12:46:00,284 DEBUG [main] cache:45 - TemplateLoader.findTemplateSource("nav.ftl"): Found
2023-07-21 12:46:00,284 DEBUG [main] cache:45 - Loading template for "nav.ftl"("en", UTF-8, parsed) from "jar:file:/C:/Users/piyushpandey/.m2/repository/com/aventstack/extentreports/3.1.2/extentreports-3.1.2.jar!/com/aventstack/extentreports/view/html-report/nav.ftl"
2023-07-21 12:46:00,316 DEBUG [main] cache:45 - Couldn't find template in cache for "test-view/test-view.ftl"("en", UTF-8, parsed); will try to load it.
2023-07-21 12:46:00,316 DEBUG [main] cache:45 - TemplateLoader.findTemplateSource("test-view/test-view_en.ftl"): Not found
2023-07-21 12:46:00,316 DEBUG [main] cache:45 - TemplateLoader.findTemplateSource("test-view/test-view.ftl"): Found
2023-07-21 12:46:00,316 DEBUG [main] cache:45 - Loading template for "test-view/test-view.ftl"("en", UTF-8, parsed) from "jar:file:/C:/Users/piyushpandey/.m2/repository/com/aventstack/extentreports/3.1.2/extentreports-3.1.2.jar!/com/aventstack/extentreports/view/html-report/test-view/test-view.ftl"
2023-07-21 12:46:00,331 DEBUG [main] cache:45 - Couldn't find template in cache for "test-view/test-view-charts.ftl"("en", UTF-8, parsed); will try to load it.
2023-07-21 12:46:00,331 DEBUG [main] cache:45 - TemplateLoader.findTemplateSource("test-view/test-view-charts_en.ftl"): Not found
2023-07-21 12:46:00,331 DEBUG [main] cache:45 - TemplateLoader.findTemplateSource("test-view/test-view-charts.ftl"): Found
2023-07-21 12:46:00,347 DEBUG [main] cache:45 - Loading template for "test-view/test-view-charts.ftl"("en", UTF-8, parsed) from "jar:file:/C:/Users/piyushpandey/.m2/repository/com/aventstack/extentreports/3.1.2/extentreports-3.1.2.jar!/com/aventstack/extentreports/view/html-report/test-view/test-view-charts.ftl"
2023-07-21 12:46:00,363 DEBUG [main] cache:45 - Couldn't find template in cache for "test-view/standard.ftl"("en", UTF-8, parsed); will try to load it.
2023-07-21 12:46:00,363 DEBUG [main] cache:45 - TemplateLoader.findTemplateSource("test-view/standard_en.ftl"): Not found
2023-07-21 12:46:00,363 DEBUG [main] cache:45 - TemplateLoader.findTemplateSource("test-view/standard.ftl"): Found
2023-07-21 12:46:00,363 DEBUG [main] cache:45 - Loading template for "test-view/standard.ftl"("en", UTF-8, parsed) from "jar:file:/C:/Users/piyushpandey/.m2/repository/com/aventstack/extentreports/3.1.2/extentreports-3.1.2.jar!/com/aventstack/extentreports/view/html-report/test-view/standard.ftl"
2023-07-21 12:46:00,394 DEBUG [main] cache:45 - "test-view/standard.ftl"("en", UTF-8, parsed) cached copy not yet stale; using cached.
2023-07-21 12:46:00,394 DEBUG [main] cache:45 - "test-view/standard.ftl"("en", UTF-8, parsed) cached copy not yet stale; using cached.
2023-07-21 12:46:00,406 DEBUG [main] cache:45 - "test-view/standard.ftl"("en", UTF-8, parsed) cached copy not yet stale; using cached.
2023-07-21 12:46:00,410 DEBUG [main] cache:45 - "test-view/standard.ftl"("en", UTF-8, parsed) cached copy not yet stale; using cached.
2023-07-21 12:46:00,410 DEBUG [main] cache:45 - "test-view/standard.ftl"("en", UTF-8, parsed) cached copy not yet stale; using cached.
2023-07-21 12:46:00,410 DEBUG [main] cache:45 - "test-view/standard.ftl"("en", UTF-8, parsed) cached copy not yet stale; using cached.
2023-07-21 12:46:00,410 DEBUG [main] cache:45 - "test-view/standard.ftl"("en", UTF-8, parsed) cached copy not yet stale; using cached.
2023-07-21 12:46:00,410 DEBUG [main] cache:45 - "test-view/standard.ftl"("en", UTF-8, parsed) cached copy not yet stale; using cached.
2023-07-21 12:46:00,426 DEBUG [main] cache:45 - Couldn't find template in cache for "category-view/category-view.ftl"("en", UTF-8, parsed); will try to load it.
2023-07-21 12:46:00,426 DEBUG [main] cache:45 - TemplateLoader.findTemplateSource("category-view/category-view_en.ftl"): Not found
2023-07-21 12:46:00,426 DEBUG [main] cache:45 - TemplateLoader.findTemplateSource("category-view/category-view.ftl"): Found
2023-07-21 12:46:00,426 DEBUG [main] cache:45 - Loading template for "category-view/category-view.ftl"("en", UTF-8, parsed) from "jar:file:/C:/Users/piyushpandey/.m2/repository/com/aventstack/extentreports/3.1.2/extentreports-3.1.2.jar!/com/aventstack/extentreports/view/html-report/category-view/category-view.ftl"
2023-07-21 12:46:00,474 DEBUG [main] cache:45 - Couldn't find template in cache for "author-view/author-view.ftl"("en", UTF-8, parsed); will try to load it.
2023-07-21 12:46:00,474 DEBUG [main] cache:45 - TemplateLoader.findTemplateSource("author-view/author-view_en.ftl"): Not found
2023-07-21 12:46:00,474 DEBUG [main] cache:45 - TemplateLoader.findTemplateSource("author-view/author-view.ftl"): Found
2023-07-21 12:46:00,474 DEBUG [main] cache:45 - Loading template for "author-view/author-view.ftl"("en", UTF-8, parsed) from "jar:file:/C:/Users/piyushpandey/.m2/repository/com/aventstack/extentreports/3.1.2/extentreports-3.1.2.jar!/com/aventstack/extentreports/view/html-report/author-view/author-view.ftl"
2023-07-21 12:46:00,489 DEBUG [main] cache:45 - Couldn't find template in cache for "exception-view/exception-view.ftl"("en", UTF-8, parsed); will try to load it.
2023-07-21 12:46:00,489 DEBUG [main] cache:45 - TemplateLoader.findTemplateSource("exception-view/exception-view_en.ftl"): Not found
2023-07-21 12:46:00,489 DEBUG [main] cache:45 - TemplateLoader.findTemplateSource("exception-view/exception-view.ftl"): Found
2023-07-21 12:46:00,489 DEBUG [main] cache:45 - Loading template for "exception-view/exception-view.ftl"("en", UTF-8, parsed) from "jar:file:/C:/Users/piyushpandey/.m2/repository/com/aventstack/extentreports/3.1.2/extentreports-3.1.2.jar!/com/aventstack/extentreports/view/html-report/exception-view/exception-view.ftl"
2023-07-21 12:46:00,489 DEBUG [main] cache:45 - Couldn't find template in cache for "dashboard-view/dashboard-view.ftl"("en", UTF-8, parsed); will try to load it.
2023-07-21 12:46:00,489 DEBUG [main] cache:45 - TemplateLoader.findTemplateSource("dashboard-view/dashboard-view_en.ftl"): Not found
2023-07-21 12:46:00,489 DEBUG [main] cache:45 - TemplateLoader.findTemplateSource("dashboard-view/dashboard-view.ftl"): Found
2023-07-21 12:46:00,489 DEBUG [main] cache:45 - Loading template for "dashboard-view/dashboard-view.ftl"("en", UTF-8, parsed) from "jar:file:/C:/Users/piyushpandey/.m2/repository/com/aventstack/extentreports/3.1.2/extentreports-3.1.2.jar!/com/aventstack/extentreports/view/html-report/dashboard-view/dashboard-view.ftl"
2023-07-21 12:46:00,521 DEBUG [main] cache:45 - Couldn't find template in cache for "logs-view/testrunner-logs-view.ftl"("en", UTF-8, parsed); will try to load it.
2023-07-21 12:46:00,521 DEBUG [main] cache:45 - TemplateLoader.findTemplateSource("logs-view/testrunner-logs-view_en.ftl"): Not found
2023-07-21 12:46:00,521 DEBUG [main] cache:45 - TemplateLoader.findTemplateSource("logs-view/testrunner-logs-view.ftl"): Found
2023-07-21 12:46:00,521 DEBUG [main] cache:45 - Loading template for "logs-view/testrunner-logs-view.ftl"("en", UTF-8, parsed) from "jar:file:/C:/Users/piyushpandey/.m2/repository/com/aventstack/extentreports/3.1.2/extentreports-3.1.2.jar!/com/aventstack/extentreports/view/html-report/logs-view/testrunner-logs-view.ftl"
2023-07-21 12:49:37,860  INFO [main] SetupPage:42 - reading browser name from properties file
2023-07-21 12:49:37,860  INFO [main] SetupPage:44 - reading mode from properties file
2023-07-21 12:49:37,860  INFO [main] SetupPage:51 - run tests in non-headless mode
2023-07-21 12:49:37,860  INFO [main] SetupPage:55 - opening  chrome browser
2023-07-21 12:49:46,532  INFO [main] SetupPage:113 - maximizing the window
2023-07-21 12:49:46,739  INFO [main] SetupPage:117 - deleting the cookies
2023-07-21 12:49:46,757  INFO [main] SetupPage:121 - open the base url
2023-07-21 12:49:54,193  INFO [main] InvalidLogin:14 - Login using invalid credentials
2023-07-21 12:49:56,288  INFO [main] InvalidLogin:16 - user is not logged in
2023-07-21 12:49:58,330  INFO [main] SetupPage:141 - ----------- closing the browser ---------------
2023-07-21 12:49:59,232  INFO [main] SetupPage:42 - reading browser name from properties file
2023-07-21 12:49:59,232  INFO [main] SetupPage:44 - reading mode from properties file
2023-07-21 12:49:59,232  INFO [main] SetupPage:51 - run tests in non-headless mode
2023-07-21 12:49:59,232  INFO [main] SetupPage:55 - opening  chrome browser
2023-07-21 12:50:08,431  INFO [main] SetupPage:113 - maximizing the window
2023-07-21 12:50:08,641  INFO [main] SetupPage:117 - deleting the cookies
2023-07-21 12:50:08,650  INFO [main] SetupPage:121 - open the base url
2023-07-21 12:50:17,166  INFO [main] Login:15 - Login using valid credentials
2023-07-21 12:50:17,175  INFO [main] Login:17 - entering username and password
2023-07-21 12:50:19,008  INFO [main] Login:19 - user is now logged in
2023-07-21 12:50:21,049  INFO [main] SetupPage:141 - ----------- closing the browser ---------------
2023-07-21 12:50:21,983  INFO [main] SetupPage:42 - reading browser name from properties file
2023-07-21 12:50:21,983  INFO [main] SetupPage:44 - reading mode from properties file
2023-07-21 12:50:21,983  INFO [main] SetupPage:51 - run tests in non-headless mode
2023-07-21 12:50:21,983  INFO [main] SetupPage:55 - opening  chrome browser
2023-07-21 12:50:29,831  INFO [main] SetupPage:113 - maximizing the window
2023-07-21 12:50:29,997  INFO [main] SetupPage:117 - deleting the cookies
2023-07-21 12:50:30,010  INFO [main] SetupPage:121 - open the base url
2023-07-21 12:50:41,650  INFO [main] ProductCategory:17 - Selecting the Product Category.........
2023-07-21 12:50:41,656  INFO [main] ProductCategory:20 - Android is selected as the Product Category
2023-07-21 12:50:43,662  INFO [main] SetupPage:141 - ----------- closing the browser ---------------
2023-07-21 12:50:44,601  INFO [main] SetupPage:42 - reading browser name from properties file
2023-07-21 12:50:44,602  INFO [main] SetupPage:44 - reading mode from properties file
2023-07-21 12:50:44,602  INFO [main] SetupPage:51 - run tests in non-headless mode
2023-07-21 12:50:44,603  INFO [main] SetupPage:55 - opening  chrome browser
2023-07-21 12:50:54,413  INFO [main] SetupPage:113 - maximizing the window
2023-07-21 12:50:54,644  INFO [main] SetupPage:117 - deleting the cookies
2023-07-21 12:50:54,662  INFO [main] SetupPage:121 - open the base url
2023-07-21 12:51:05,476  INFO [main] Regsiter:15 - go to the my account page
2023-07-21 12:51:06,175  INFO [main] Regsiter:17 - entering email and password and click on the register button
2023-07-21 12:51:10,159  INFO [main] Regsiter:19 - user registered
2023-07-21 12:51:12,169  INFO [main] SetupPage:141 - ----------- closing the browser ---------------
2023-07-21 12:51:13,108  INFO [main] SetupPage:42 - reading browser name from properties file
2023-07-21 12:51:13,108  INFO [main] SetupPage:44 - reading mode from properties file
2023-07-21 12:51:13,108  INFO [main] SetupPage:51 - run tests in non-headless mode
2023-07-21 12:51:13,108  INFO [main] SetupPage:55 - opening  chrome browser
2023-07-21 12:51:21,119  INFO [main] SetupPage:113 - maximizing the window
2023-07-21 12:51:21,430  INFO [main] SetupPage:117 - deleting the cookies
2023-07-21 12:51:21,509  INFO [main] SetupPage:121 - open the base url
2023-07-21 12:51:26,755  INFO [main] SignOut:15 - Login using valid credentials
2023-07-21 12:51:26,755  INFO [main] SignOut:17 - entering username and password
2023-07-21 12:51:28,820  INFO [main] SignOut:19 - user is logged in
2023-07-21 12:51:28,833  INFO [main] SignOut:25 - sign out button clicked
2023-07-21 12:51:31,682  INFO [main] SignOut:27 - user is signed out
2023-07-21 12:51:33,689  INFO [main] SetupPage:141 - ----------- closing the browser ---------------
2023-07-21 12:51:34,701  INFO [main] SetupPage:42 - reading browser name from properties file
2023-07-21 12:51:34,701  INFO [main] SetupPage:44 - reading mode from properties file
2023-07-21 12:51:34,701  INFO [main] SetupPage:51 - run tests in non-headless mode
2023-07-21 12:51:34,701  INFO [main] SetupPage:55 - opening  chrome browser
2023-07-21 13:20:13,865  INFO [main] SetupPage:42 - reading browser name from properties file
2023-07-21 13:20:13,865  INFO [main] SetupPage:44 - reading mode from properties file
2023-07-21 13:20:13,865  INFO [main] SetupPage:51 - run tests in non-headless mode
2023-07-21 13:20:13,865  INFO [main] SetupPage:55 - opening  chrome browser
2023-07-21 13:20:26,739  INFO [main] SetupPage:113 - maximizing the window
2023-07-21 13:20:26,921  INFO [main] SetupPage:117 - deleting the cookies
2023-07-21 13:20:26,944  INFO [main] SetupPage:121 - open the base url
2023-07-21 13:20:42,177  INFO [main] InvalidLogin:14 - Login using invalid credentials
2023-07-21 13:20:44,195  INFO [main] InvalidLogin:16 - user is not logged in
2023-07-21 13:20:46,221  INFO [main] SetupPage:141 - ----------- closing the browser ---------------
2023-07-21 13:20:47,154  INFO [main] SetupPage:42 - reading browser name from properties file
2023-07-21 13:20:47,154  INFO [main] SetupPage:44 - reading mode from properties file
2023-07-21 13:20:47,154  INFO [main] SetupPage:51 - run tests in non-headless mode
2023-07-21 13:20:47,154  INFO [main] SetupPage:55 - opening  chrome browser
2023-07-21 13:20:55,285  INFO [main] SetupPage:113 - maximizing the window
2023-07-21 13:20:55,465  INFO [main] SetupPage:117 - deleting the cookies
2023-07-21 13:20:55,479  INFO [main] SetupPage:121 - open the base url
2023-07-21 13:21:04,394  INFO [main] Login:15 - Login using valid credentials
2023-07-21 13:21:04,394  INFO [main] Login:17 - entering username and password
2023-07-21 13:21:06,464  INFO [main] Login:19 - user is now logged in
2023-07-21 13:21:08,493  INFO [main] SetupPage:141 - ----------- closing the browser ---------------
2023-07-21 13:21:09,464  INFO [main] SetupPage:42 - reading browser name from properties file
2023-07-21 13:21:09,464  INFO [main] SetupPage:44 - reading mode from properties file
2023-07-21 13:21:09,464  INFO [main] SetupPage:51 - run tests in non-headless mode
2023-07-21 13:21:09,465  INFO [main] SetupPage:55 - opening  chrome browser
2023-07-21 13:21:18,526  INFO [main] SetupPage:113 - maximizing the window
2023-07-21 13:21:18,679  INFO [main] SetupPage:117 - deleting the cookies
2023-07-21 13:21:18,689  INFO [main] SetupPage:121 - open the base url
2023-07-21 13:21:28,101  INFO [main] ProductCategory:17 - Selecting the Product Category.........
2023-07-21 13:21:28,117  INFO [main] ProductCategory:20 - Android is selected as the Product Category
2023-07-21 13:21:30,138  INFO [main] SetupPage:141 - ----------- closing the browser ---------------
2023-07-21 13:21:31,089  INFO [main] SetupPage:42 - reading browser name from properties file
2023-07-21 13:21:31,089  INFO [main] SetupPage:44 - reading mode from properties file
2023-07-21 13:21:31,089  INFO [main] SetupPage:51 - run tests in non-headless mode
2023-07-21 13:21:31,089  INFO [main] SetupPage:55 - opening  chrome browser
2023-07-21 13:21:39,732  INFO [main] SetupPage:113 - maximizing the window
2023-07-21 13:21:39,937  INFO [main] SetupPage:117 - deleting the cookies
2023-07-21 13:21:39,959  INFO [main] SetupPage:121 - open the base url
2023-07-21 13:21:44,979  INFO [main] SignOut:15 - Login using valid credentials
2023-07-21 13:21:44,987  INFO [main] SignOut:17 - entering username and password
2023-07-21 13:21:47,151  INFO [main] SignOut:19 - user is logged in
2023-07-21 13:21:47,166  INFO [main] SignOut:25 - sign out button clicked
2023-07-21 13:21:50,021  INFO [main] SignOut:27 - user is signed out
2023-07-21 13:21:52,035  INFO [main] SetupPage:141 - ----------- closing the browser ---------------
2023-07-21 13:21:53,062 DEBUG [main] cache:45 - Couldn't find template in cache for "index.ftl"("en", UTF-8, parsed); will try to load it.
2023-07-21 13:21:53,078 DEBUG [main] cache:45 - TemplateLoader.findTemplateSource("index_en.ftl"): Not found
2023-07-21 13:21:53,078 DEBUG [main] cache:45 - TemplateLoader.findTemplateSource("index.ftl"): Found
2023-07-21 13:21:53,078 DEBUG [main] cache:45 - Loading template for "index.ftl"("en", UTF-8, parsed) from "jar:file:/C:/Users/piyushpandey/.m2/repository/com/aventstack/extentreports/3.1.2/extentreports-3.1.2.jar!/com/aventstack/extentreports/view/html-report/index.ftl"
2023-07-21 13:21:53,471 DEBUG [main] cache:45 - Couldn't find template in cache for "head.ftl"("en", UTF-8, parsed); will try to load it.
2023-07-21 13:21:53,486 DEBUG [main] cache:45 - TemplateLoader.findTemplateSource("head_en.ftl"): Not found
2023-07-21 13:21:53,486 DEBUG [main] cache:45 - TemplateLoader.findTemplateSource("head.ftl"): Found
2023-07-21 13:21:53,486 DEBUG [main] cache:45 - Loading template for "head.ftl"("en", UTF-8, parsed) from "jar:file:/C:/Users/piyushpandey/.m2/repository/com/aventstack/extentreports/3.1.2/extentreports-3.1.2.jar!/com/aventstack/extentreports/view/html-report/head.ftl"
2023-07-21 13:21:53,486 DEBUG [main] cache:45 - Couldn't find template in cache for "nav.ftl"("en", UTF-8, parsed); will try to load it.
2023-07-21 13:21:53,486 DEBUG [main] cache:45 - TemplateLoader.findTemplateSource("nav_en.ftl"): Not found
2023-07-21 13:21:53,486 DEBUG [main] cache:45 - TemplateLoader.findTemplateSource("nav.ftl"): Found
2023-07-21 13:21:53,486 DEBUG [main] cache:45 - Loading template for "nav.ftl"("en", UTF-8, parsed) from "jar:file:/C:/Users/piyushpandey/.m2/repository/com/aventstack/extentreports/3.1.2/extentreports-3.1.2.jar!/com/aventstack/extentreports/view/html-report/nav.ftl"
2023-07-21 13:21:53,518 DEBUG [main] cache:45 - Couldn't find template in cache for "test-view/test-view.ftl"("en", UTF-8, parsed); will try to load it.
2023-07-21 13:21:53,518 DEBUG [main] cache:45 - TemplateLoader.findTemplateSource("test-view/test-view_en.ftl"): Not found
2023-07-21 13:21:53,518 DEBUG [main] cache:45 - TemplateLoader.findTemplateSource("test-view/test-view.ftl"): Found
2023-07-21 13:21:53,518 DEBUG [main] cache:45 - Loading template for "test-view/test-view.ftl"("en", UTF-8, parsed) from "jar:file:/C:/Users/piyushpandey/.m2/repository/com/aventstack/extentreports/3.1.2/extentreports-3.1.2.jar!/com/aventstack/extentreports/view/html-report/test-view/test-view.ftl"
2023-07-21 13:21:53,549 DEBUG [main] cache:45 - Couldn't find template in cache for "test-view/test-view-charts.ftl"("en", UTF-8, parsed); will try to load it.
2023-07-21 13:21:53,549 DEBUG [main] cache:45 - TemplateLoader.findTemplateSource("test-view/test-view-charts_en.ftl"): Not found
2023-07-21 13:21:53,549 DEBUG [main] cache:45 - TemplateLoader.findTemplateSource("test-view/test-view-charts.ftl"): Found
2023-07-21 13:21:53,549 DEBUG [main] cache:45 - Loading template for "test-view/test-view-charts.ftl"("en", UTF-8, parsed) from "jar:file:/C:/Users/piyushpandey/.m2/repository/com/aventstack/extentreports/3.1.2/extentreports-3.1.2.jar!/com/aventstack/extentreports/view/html-report/test-view/test-view-charts.ftl"
2023-07-21 13:21:53,582 DEBUG [main] cache:45 - Couldn't find template in cache for "test-view/standard.ftl"("en", UTF-8, parsed); will try to load it.
2023-07-21 13:21:53,582 DEBUG [main] cache:45 - TemplateLoader.findTemplateSource("test-view/standard_en.ftl"): Not found
2023-07-21 13:21:53,582 DEBUG [main] cache:45 - TemplateLoader.findTemplateSource("test-view/standard.ftl"): Found
2023-07-21 13:21:53,582 DEBUG [main] cache:45 - Loading template for "test-view/standard.ftl"("en", UTF-8, parsed) from "jar:file:/C:/Users/piyushpandey/.m2/repository/com/aventstack/extentreports/3.1.2/extentreports-3.1.2.jar!/com/aventstack/extentreports/view/html-report/test-view/standard.ftl"
2023-07-21 13:21:53,612 DEBUG [main] cache:45 - "test-view/standard.ftl"("en", UTF-8, parsed) cached copy not yet stale; using cached.
2023-07-21 13:21:53,612 DEBUG [main] cache:45 - "test-view/standard.ftl"("en", UTF-8, parsed) cached copy not yet stale; using cached.
2023-07-21 13:21:53,628 DEBUG [main] cache:45 - "test-view/standard.ftl"("en", UTF-8, parsed) cached copy not yet stale; using cached.
2023-07-21 13:21:53,628 DEBUG [main] cache:45 - "test-view/standard.ftl"("en", UTF-8, parsed) cached copy not yet stale; using cached.
2023-07-21 13:21:53,628 DEBUG [main] cache:45 - Couldn't find template in cache for "category-view/category-view.ftl"("en", UTF-8, parsed); will try to load it.
2023-07-21 13:21:53,628 DEBUG [main] cache:45 - TemplateLoader.findTemplateSource("category-view/category-view_en.ftl"): Not found
2023-07-21 13:21:53,628 DEBUG [main] cache:45 - TemplateLoader.findTemplateSource("category-view/category-view.ftl"): Found
2023-07-21 13:21:53,628 DEBUG [main] cache:45 - Loading template for "category-view/category-view.ftl"("en", UTF-8, parsed) from "jar:file:/C:/Users/piyushpandey/.m2/repository/com/aventstack/extentreports/3.1.2/extentreports-3.1.2.jar!/com/aventstack/extentreports/view/html-report/category-view/category-view.ftl"
2023-07-21 13:21:53,644 DEBUG [main] cache:45 - Couldn't find template in cache for "author-view/author-view.ftl"("en", UTF-8, parsed); will try to load it.
2023-07-21 13:21:53,644 DEBUG [main] cache:45 - TemplateLoader.findTemplateSource("author-view/author-view_en.ftl"): Not found
2023-07-21 13:21:53,644 DEBUG [main] cache:45 - TemplateLoader.findTemplateSource("author-view/author-view.ftl"): Found
2023-07-21 13:21:53,644 DEBUG [main] cache:45 - Loading template for "author-view/author-view.ftl"("en", UTF-8, parsed) from "jar:file:/C:/Users/piyushpandey/.m2/repository/com/aventstack/extentreports/3.1.2/extentreports-3.1.2.jar!/com/aventstack/extentreports/view/html-report/author-view/author-view.ftl"
2023-07-21 13:21:53,659 DEBUG [main] cache:45 - Couldn't find template in cache for "exception-view/exception-view.ftl"("en", UTF-8, parsed); will try to load it.
2023-07-21 13:21:53,659 DEBUG [main] cache:45 - TemplateLoader.findTemplateSource("exception-view/exception-view_en.ftl"): Not found
2023-07-21 13:21:53,659 DEBUG [main] cache:45 - TemplateLoader.findTemplateSource("exception-view/exception-view.ftl"): Found
2023-07-21 13:21:53,659 DEBUG [main] cache:45 - Loading template for "exception-view/exception-view.ftl"("en", UTF-8, parsed) from "jar:file:/C:/Users/piyushpandey/.m2/repository/com/aventstack/extentreports/3.1.2/extentreports-3.1.2.jar!/com/aventstack/extentreports/view/html-report/exception-view/exception-view.ftl"
2023-07-21 13:21:53,675 DEBUG [main] cache:45 - Couldn't find template in cache for "dashboard-view/dashboard-view.ftl"("en", UTF-8, parsed); will try to load it.
2023-07-21 13:21:53,675 DEBUG [main] cache:45 - TemplateLoader.findTemplateSource("dashboard-view/dashboard-view_en.ftl"): Not found
2023-07-21 13:21:53,675 DEBUG [main] cache:45 - TemplateLoader.findTemplateSource("dashboard-view/dashboard-view.ftl"): Found
2023-07-21 13:21:53,675 DEBUG [main] cache:45 - Loading template for "dashboard-view/dashboard-view.ftl"("en", UTF-8, parsed) from "jar:file:/C:/Users/piyushpandey/.m2/repository/com/aventstack/extentreports/3.1.2/extentreports-3.1.2.jar!/com/aventstack/extentreports/view/html-report/dashboard-view/dashboard-view.ftl"
2023-07-21 13:21:53,738 DEBUG [main] cache:45 - Couldn't find template in cache for "logs-view/testrunner-logs-view.ftl"("en", UTF-8, parsed); will try to load it.
2023-07-21 13:21:53,738 DEBUG [main] cache:45 - TemplateLoader.findTemplateSource("logs-view/testrunner-logs-view_en.ftl"): Not found
2023-07-21 13:21:53,738 DEBUG [main] cache:45 - TemplateLoader.findTemplateSource("logs-view/testrunner-logs-view.ftl"): Found
2023-07-21 13:21:53,738 DEBUG [main] cache:45 - Loading template for "logs-view/testrunner-logs-view.ftl"("en", UTF-8, parsed) from "jar:file:/C:/Users/piyushpandey/.m2/repository/com/aventstack/extentreports/3.1.2/extentreports-3.1.2.jar!/com/aventstack/extentreports/view/html-report/logs-view/testrunner-logs-view.ftl"
2023-07-21 15:38:39,763  INFO [main] SetupPage:42 - reading browser name from properties file
2023-07-21 15:38:39,779  INFO [main] SetupPage:44 - reading mode from properties file
2023-07-21 15:38:39,779  INFO [main] SetupPage:51 - run tests in non-headless mode
2023-07-21 15:38:39,779  INFO [main] SetupPage:55 - opening  chrome browser
2023-07-21 15:38:49,046  INFO [main] SetupPage:113 - maximizing the window
2023-07-21 15:38:49,207  INFO [main] SetupPage:117 - deleting the cookies
2023-07-21 15:38:49,250  INFO [main] SetupPage:121 - open the base url
2023-07-21 15:39:07,285  INFO [main] InvalidLogin:14 - Login using invalid credentials
2023-07-21 15:39:09,090  INFO [main] InvalidLogin:16 - user is not logged in
2023-07-21 15:39:11,125  INFO [main] SetupPage:141 - ----------- closing the browser ---------------
2023-07-21 15:39:12,215  INFO [main] SetupPage:42 - reading browser name from properties file
2023-07-21 15:39:12,215  INFO [main] SetupPage:44 - reading mode from properties file
2023-07-21 15:39:12,215  INFO [main] SetupPage:51 - run tests in non-headless mode
2023-07-21 15:39:12,215  INFO [main] SetupPage:55 - opening  chrome browser
2023-07-21 15:39:20,461  INFO [main] SetupPage:113 - maximizing the window
2023-07-21 15:39:20,595  INFO [main] SetupPage:117 - deleting the cookies
2023-07-21 15:39:20,606  INFO [main] SetupPage:121 - open the base url
2023-07-21 15:39:40,554  INFO [main] Login:15 - Login using valid credentials
2023-07-21 15:39:40,562  INFO [main] Login:17 - entering username and password
2023-07-21 15:39:42,691  INFO [main] Login:19 - user is now logged in
2023-07-21 15:39:45,008  INFO [main] SetupPage:141 - ----------- closing the browser ---------------
2023-07-21 15:39:46,159  INFO [main] SetupPage:42 - reading browser name from properties file
2023-07-21 15:39:46,159  INFO [main] SetupPage:44 - reading mode from properties file
2023-07-21 15:39:46,159  INFO [main] SetupPage:51 - run tests in non-headless mode
2023-07-21 15:39:46,159  INFO [main] SetupPage:55 - opening  chrome browser
2023-07-21 15:39:54,872  INFO [main] SetupPage:113 - maximizing the window
2023-07-21 15:39:55,007  INFO [main] SetupPage:117 - deleting the cookies
2023-07-21 15:39:55,022  INFO [main] SetupPage:121 - open the base url
2023-07-21 15:40:10,245  INFO [main] ProductCategory:17 - Selecting the Product Category.........
2023-07-21 15:40:12,509  INFO [main] SetupPage:141 - ----------- closing the browser ---------------
2023-07-21 15:40:13,593  INFO [main] SetupPage:42 - reading browser name from properties file
2023-07-21 15:40:13,593  INFO [main] SetupPage:44 - reading mode from properties file
2023-07-21 15:40:13,593  INFO [main] SetupPage:51 - run tests in non-headless mode
2023-07-21 15:40:13,593  INFO [main] SetupPage:55 - opening  chrome browser
2023-07-21 15:40:21,369  INFO [main] SetupPage:113 - maximizing the window
2023-07-21 15:40:21,511  INFO [main] SetupPage:117 - deleting the cookies
2023-07-21 15:40:21,521  INFO [main] SetupPage:121 - open the base url
2023-07-21 15:40:26,689  INFO [main] SignOut:15 - Login using valid credentials
2023-07-21 15:40:26,689  INFO [main] SignOut:17 - entering username and password
2023-07-21 15:40:29,712  INFO [main] SignOut:19 - user is logged in
2023-07-21 15:40:29,719  INFO [main] SignOut:25 - sign out button clicked
2023-07-21 15:40:32,655  INFO [main] SignOut:27 - user is signed out
2023-07-21 15:40:34,663  INFO [main] SetupPage:141 - ----------- closing the browser ---------------
2023-07-21 15:40:35,752 DEBUG [main] cache:45 - Couldn't find template in cache for "index.ftl"("en", UTF-8, parsed); will try to load it.
2023-07-21 15:40:35,768 DEBUG [main] cache:45 - TemplateLoader.findTemplateSource("index_en.ftl"): Not found
2023-07-21 15:40:35,768 DEBUG [main] cache:45 - TemplateLoader.findTemplateSource("index.ftl"): Found
2023-07-21 15:40:35,768 DEBUG [main] cache:45 - Loading template for "index.ftl"("en", UTF-8, parsed) from "jar:file:/C:/Users/piyushpandey/.m2/repository/com/aventstack/extentreports/3.1.2/extentreports-3.1.2.jar!/com/aventstack/extentreports/view/html-report/index.ftl"
2023-07-21 15:40:36,194 DEBUG [main] cache:45 - Couldn't find template in cache for "head.ftl"("en", UTF-8, parsed); will try to load it.
2023-07-21 15:40:36,194 DEBUG [main] cache:45 - TemplateLoader.findTemplateSource("head_en.ftl"): Not found
2023-07-21 15:40:36,194 DEBUG [main] cache:45 - TemplateLoader.findTemplateSource("head.ftl"): Found
2023-07-21 15:40:36,194 DEBUG [main] cache:45 - Loading template for "head.ftl"("en", UTF-8, parsed) from "jar:file:/C:/Users/piyushpandey/.m2/repository/com/aventstack/extentreports/3.1.2/extentreports-3.1.2.jar!/com/aventstack/extentreports/view/html-report/head.ftl"
2023-07-21 15:40:36,194 DEBUG [main] cache:45 - Couldn't find template in cache for "nav.ftl"("en", UTF-8, parsed); will try to load it.
2023-07-21 15:40:36,194 DEBUG [main] cache:45 - TemplateLoader.findTemplateSource("nav_en.ftl"): Not found
2023-07-21 15:40:36,194 DEBUG [main] cache:45 - TemplateLoader.findTemplateSource("nav.ftl"): Found
2023-07-21 15:40:36,194 DEBUG [main] cache:45 - Loading template for "nav.ftl"("en", UTF-8, parsed) from "jar:file:/C:/Users/piyushpandey/.m2/repository/com/aventstack/extentreports/3.1.2/extentreports-3.1.2.jar!/com/aventstack/extentreports/view/html-report/nav.ftl"
2023-07-21 15:40:36,225 DEBUG [main] cache:45 - Couldn't find template in cache for "test-view/test-view.ftl"("en", UTF-8, parsed); will try to load it.
2023-07-21 15:40:36,225 DEBUG [main] cache:45 - TemplateLoader.findTemplateSource("test-view/test-view_en.ftl"): Not found
2023-07-21 15:40:36,225 DEBUG [main] cache:45 - TemplateLoader.findTemplateSource("test-view/test-view.ftl"): Found
2023-07-21 15:40:36,225 DEBUG [main] cache:45 - Loading template for "test-view/test-view.ftl"("en", UTF-8, parsed) from "jar:file:/C:/Users/piyushpandey/.m2/repository/com/aventstack/extentreports/3.1.2/extentreports-3.1.2.jar!/com/aventstack/extentreports/view/html-report/test-view/test-view.ftl"
2023-07-21 15:40:36,242 DEBUG [main] cache:45 - Couldn't find template in cache for "test-view/test-view-charts.ftl"("en", UTF-8, parsed); will try to load it.
2023-07-21 15:40:36,242 DEBUG [main] cache:45 - TemplateLoader.findTemplateSource("test-view/test-view-charts_en.ftl"): Not found
2023-07-21 15:40:36,242 DEBUG [main] cache:45 - TemplateLoader.findTemplateSource("test-view/test-view-charts.ftl"): Found
2023-07-21 15:40:36,242 DEBUG [main] cache:45 - Loading template for "test-view/test-view-charts.ftl"("en", UTF-8, parsed) from "jar:file:/C:/Users/piyushpandey/.m2/repository/com/aventstack/extentreports/3.1.2/extentreports-3.1.2.jar!/com/aventstack/extentreports/view/html-report/test-view/test-view-charts.ftl"
2023-07-21 15:40:36,274 DEBUG [main] cache:45 - Couldn't find template in cache for "test-view/standard.ftl"("en", UTF-8, parsed); will try to load it.
2023-07-21 15:40:36,274 DEBUG [main] cache:45 - TemplateLoader.findTemplateSource("test-view/standard_en.ftl"): Not found
2023-07-21 15:40:36,274 DEBUG [main] cache:45 - TemplateLoader.findTemplateSource("test-view/standard.ftl"): Found
2023-07-21 15:40:36,274 DEBUG [main] cache:45 - Loading template for "test-view/standard.ftl"("en", UTF-8, parsed) from "jar:file:/C:/Users/piyushpandey/.m2/repository/com/aventstack/extentreports/3.1.2/extentreports-3.1.2.jar!/com/aventstack/extentreports/view/html-report/test-view/standard.ftl"
2023-07-21 15:40:36,306 DEBUG [main] cache:45 - "test-view/standard.ftl"("en", UTF-8, parsed) cached copy not yet stale; using cached.
2023-07-21 15:40:36,306 DEBUG [main] cache:45 - "test-view/standard.ftl"("en", UTF-8, parsed) cached copy not yet stale; using cached.
2023-07-21 15:40:36,323 DEBUG [main] cache:45 - "test-view/standard.ftl"("en", UTF-8, parsed) cached copy not yet stale; using cached.
2023-07-21 15:40:36,323 DEBUG [main] cache:45 - "test-view/standard.ftl"("en", UTF-8, parsed) cached copy not yet stale; using cached.
2023-07-21 15:40:36,323 DEBUG [main] cache:45 - Couldn't find template in cache for "category-view/category-view.ftl"("en", UTF-8, parsed); will try to load it.
2023-07-21 15:40:36,323 DEBUG [main] cache:45 - TemplateLoader.findTemplateSource("category-view/category-view_en.ftl"): Not found
2023-07-21 15:40:36,323 DEBUG [main] cache:45 - TemplateLoader.findTemplateSource("category-view/category-view.ftl"): Found
2023-07-21 15:40:36,323 DEBUG [main] cache:45 - Loading template for "category-view/category-view.ftl"("en", UTF-8, parsed) from "jar:file:/C:/Users/piyushpandey/.m2/repository/com/aventstack/extentreports/3.1.2/extentreports-3.1.2.jar!/com/aventstack/extentreports/view/html-report/category-view/category-view.ftl"
2023-07-21 15:40:36,337 DEBUG [main] cache:45 - Couldn't find template in cache for "author-view/author-view.ftl"("en", UTF-8, parsed); will try to load it.
2023-07-21 15:40:36,337 DEBUG [main] cache:45 - TemplateLoader.findTemplateSource("author-view/author-view_en.ftl"): Not found
2023-07-21 15:40:36,337 DEBUG [main] cache:45 - TemplateLoader.findTemplateSource("author-view/author-view.ftl"): Found
2023-07-21 15:40:36,337 DEBUG [main] cache:45 - Loading template for "author-view/author-view.ftl"("en", UTF-8, parsed) from "jar:file:/C:/Users/piyushpandey/.m2/repository/com/aventstack/extentreports/3.1.2/extentreports-3.1.2.jar!/com/aventstack/extentreports/view/html-report/author-view/author-view.ftl"
2023-07-21 15:40:36,353 DEBUG [main] cache:45 - Couldn't find template in cache for "exception-view/exception-view.ftl"("en", UTF-8, parsed); will try to load it.
2023-07-21 15:40:36,353 DEBUG [main] cache:45 - TemplateLoader.findTemplateSource("exception-view/exception-view_en.ftl"): Not found
2023-07-21 15:40:36,353 DEBUG [main] cache:45 - TemplateLoader.findTemplateSource("exception-view/exception-view.ftl"): Found
2023-07-21 15:40:36,353 DEBUG [main] cache:45 - Loading template for "exception-view/exception-view.ftl"("en", UTF-8, parsed) from "jar:file:/C:/Users/piyushpandey/.m2/repository/com/aventstack/extentreports/3.1.2/extentreports-3.1.2.jar!/com/aventstack/extentreports/view/html-report/exception-view/exception-view.ftl"
2023-07-21 15:40:36,369 DEBUG [main] cache:45 - Couldn't find template in cache for "dashboard-view/dashboard-view.ftl"("en", UTF-8, parsed); will try to load it.
2023-07-21 15:40:36,369 DEBUG [main] cache:45 - TemplateLoader.findTemplateSource("dashboard-view/dashboard-view_en.ftl"): Not found
2023-07-21 15:40:36,369 DEBUG [main] cache:45 - TemplateLoader.findTemplateSource("dashboard-view/dashboard-view.ftl"): Found
2023-07-21 15:40:36,369 DEBUG [main] cache:45 - Loading template for "dashboard-view/dashboard-view.ftl"("en", UTF-8, parsed) from "jar:file:/C:/Users/piyushpandey/.m2/repository/com/aventstack/extentreports/3.1.2/extentreports-3.1.2.jar!/com/aventstack/extentreports/view/html-report/dashboard-view/dashboard-view.ftl"
2023-07-21 15:40:36,386 DEBUG [main] cache:45 - Couldn't find template in cache for "logs-view/testrunner-logs-view.ftl"("en", UTF-8, parsed); will try to load it.
2023-07-21 15:40:36,386 DEBUG [main] cache:45 - TemplateLoader.findTemplateSource("logs-view/testrunner-logs-view_en.ftl"): Not found
2023-07-21 15:40:36,386 DEBUG [main] cache:45 - TemplateLoader.findTemplateSource("logs-view/testrunner-logs-view.ftl"): Found
2023-07-21 15:40:36,386 DEBUG [main] cache:45 - Loading template for "logs-view/testrunner-logs-view.ftl"("en", UTF-8, parsed) from "jar:file:/C:/Users/piyushpandey/.m2/repository/com/aventstack/extentreports/3.1.2/extentreports-3.1.2.jar!/com/aventstack/extentreports/view/html-report/logs-view/testrunner-logs-view.ftl"
